<?xml version='1.0' encoding='UTF-8'?>
<testsuite hostname="LAPTOP-LTNVPOA3" name="LexerTest" tests="10" errors="0" failures="0" skipped="0" time="0.228" timestamp="2022-05-26T23:02:26">
          <properties>
[...]
</properties>
          <testcase classname="LexerTest" name="IntLitToken" time="0.118">
                      
                    </testcase><testcase classname="LexerTest" name="FloatLitToken" time="0.021">
                      
                    </testcase><testcase classname="LexerTest" name="StringLitToken" time="0.038">
                      
                    </testcase><testcase classname="LexerTest" name="BooleanLitToken" time="0.012">
                      
                    </testcase><testcase classname="LexerTest" name="OperatorToken" time="0.003">
                      
                    </testcase><testcase classname="LexerTest" name="DelimiterToken" time="0.001">
                      
                    </testcase><testcase classname="LexerTest" name="KeywordToken" time="0.034">
                      
                    </testcase><testcase classname="LexerTest" name="IdentifierToken" time="0.0">
                      
                    </testcase><testcase classname="LexerTest" name="Remove Space" time="0.0">
                      
                    </testcase><testcase classname="LexerTest" name="Remove Comment" time="0.001">
                      
                    </testcase>
          <system-out><![CDATA[]]></system-out>
          <system-err><![CDATA[]]></system-err>
        </testsuite>